
> akashic-book@0.0.1 build C:\DouzaGroup\akashic\packages\akashic-book
> next build

info  - Linting and checking validity of types...
info  - Creating an optimized production build...
info  - Compiled successfully
info  - Collecting page data...
info  - Generating static pages (0/6)
info  - Generating static pages (1/6)
info  - Generating static pages (2/6)
info  - Generating static pages (4/6)
info  - Generating static pages (6/6)
info  - Finalizing page optimization...

Route (pages)                              Size     First Load JS
┌ ○ /                                      561 B            85 kB
├   /_app                                  0 B            84.4 kB
├ ○ /404                                   182 B          84.6 kB
├ λ /api/hello                             0 B            84.4 kB
├ ○ /head                                  529 B            85 kB
├ ○ /test                                  310 B          84.8 kB
├   └ css/a386629dd47e9c35.css             100 B
└ ○ /test/common                           300 B          84.7 kB
+ First Load JS shared by all              84.4 kB
  ├ chunks/framework-8af95668ad427548.js   45.4 kB
  ├ chunks/main-eed58488736efc9f.js        26.7 kB
  ├ chunks/pages/_app-1590cce6c0cec298.js  11.6 kB
  └ chunks/webpack-8fa1640cc84ba8fe.js     750 B

λ  (Server)  server-side renders at runtime (uses getInitialProps or getServerSideProps)
○  (Static)  automatically rendered as static HTML (uses no initial props)

